[debug] [2025-10-26T08:51:55.637Z] ----------------------------------------------------------------------
[debug] [2025-10-26T08:51:55.639Z] Command:       /opt/homebrew/Cellar/node/24.10.0/bin/node /opt/homebrew/bin/firebase init hosting
[debug] [2025-10-26T08:51:55.639Z] CLI Version:   14.22.0
[debug] [2025-10-26T08:51:55.639Z] Platform:      darwin
[debug] [2025-10-26T08:51:55.639Z] Node Version:  v24.10.0
[debug] [2025-10-26T08:51:55.639Z] Time:          Sun Oct 26 2025 01:51:55 GMT-0700 (Pacific Daylight Time)
[debug] [2025-10-26T08:51:55.639Z] ----------------------------------------------------------------------
[debug] 
[info] 
     ######## #### ########  ######## ########     ###     ######  ########
     ##        ##  ##     ## ##       ##     ##  ##   ##  ##       ##
     ######    ##  ########  ######   ########  #########  ######  ######
     ##        ##  ##    ##  ##       ##     ## ##     ##       ## ##
     ##       #### ##     ## ######## ########  ##     ##  ######  ########

You're about to initialize a Firebase project in this directory:

  /Users/dhakobya/workspace/rsm-competition-registration

Before we get started, keep in mind:

  * You are initializing within an existing Firebase project directory

[info] 
=== Project Setup
[info] 
[info] First, let's associate this project directory with a Firebase project.
[info] You can create multiple project aliases by running firebase use --add, 
[info] 
[debug] [2025-10-26T08:51:55.747Z] > command requires scopes: ["email","openid","https://www.googleapis.com/auth/cloudplatformprojects.readonly","https://www.googleapis.com/auth/firebase","https://www.googleapis.com/auth/cloud-platform"]
[debug] [2025-10-26T08:51:55.747Z] > authorizing via signed-in user (oc.smartit@gmail.com)
[debug] [2025-10-26T08:51:55.748Z] Checked if tokens are valid: true, expires at: 1761471579441
[debug] [2025-10-26T08:51:55.748Z] Checked if tokens are valid: true, expires at: 1761471579441
[debug] [2025-10-26T08:51:55.748Z] >>> [apiv2][query] GET https://firebase.googleapis.com/v1beta1/projects/competition-registration-e8597 [none]
[debug] [2025-10-26T08:51:55.949Z] <<< [apiv2][status] GET https://firebase.googleapis.com/v1beta1/projects/competition-registration-e8597 200
[debug] [2025-10-26T08:51:55.949Z] <<< [apiv2][body] GET https://firebase.googleapis.com/v1beta1/projects/competition-registration-e8597 {"projectId":"competition-registration-e8597","projectNumber":"604730050659","displayName":"competition-registration","name":"projects/competition-registration-e8597","resources":{"hostingSite":"competition-registration-e8597"},"state":"ACTIVE","etag":"1_b0e4f560-e61f-429e-bc9e-d4729381e35a"}
[info] i  Using project competition-registration-e8597 (competition-registration) . 
[info] 
=== Hosting Setup
[debug] [2025-10-26T08:51:55.957Z] Checked if tokens are valid: true, expires at: 1761471579441
[debug] [2025-10-26T08:51:55.957Z] Checked if tokens are valid: true, expires at: 1761471579441
[debug] [2025-10-26T08:51:55.958Z] >>> [apiv2][query] GET https://firebase.googleapis.com/v1beta1/projects/competition-registration-e8597 [none]
[debug] [2025-10-26T08:51:56.088Z] <<< [apiv2][status] GET https://firebase.googleapis.com/v1beta1/projects/competition-registration-e8597 200
[debug] [2025-10-26T08:51:56.088Z] <<< [apiv2][body] GET https://firebase.googleapis.com/v1beta1/projects/competition-registration-e8597 {"projectId":"competition-registration-e8597","projectNumber":"604730050659","displayName":"competition-registration","name":"projects/competition-registration-e8597","resources":{"hostingSite":"competition-registration-e8597"},"state":"ACTIVE","etag":"1_b0e4f560-e61f-429e-bc9e-d4729381e35a"}
[info] 
[info] Your public directory is the folder (relative to your project directory) that
[info] will contain Hosting assets to be uploaded with firebase deploy. If you
[info] have a build process for your assets, use your build's output directory.
[info] 
[info] 
[info] i  Detected a .git folder at /Users/dhakobya/workspace/rsm-competition-registration 
[info] i  Authorizing with GitHub to upload your service account to a GitHub repository's secrets store. 
[info] 
[info] Visit this URL on this device to log in:
[info] https://github.com/login/oauth/authorize?client_id=89cf50f02ac6aaed3484&state=996952062&redirect_uri=http%3A%2F%2Flocalhost%3A9005&scope=read%3Auser%20repo%20public_repo
[info] 
[info] Waiting for authentication...
[debug] [2025-10-26T08:52:03.375Z] >>> [apiv2][query] POST https://github.com/login/oauth/access_token [none]
[debug] [2025-10-26T08:52:03.375Z] >>> [apiv2][body] POST https://github.com/login/oauth/access_token [stream]
[debug] [2025-10-26T08:52:03.674Z] <<< [apiv2][status] POST https://github.com/login/oauth/access_token 200
[debug] [2025-10-26T08:52:03.674Z] <<< [apiv2][body] POST https://github.com/login/oauth/access_token {"access_token":"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","token_type":"bearer","scope":"read:user,repo"}
[debug] [2025-10-26T08:52:03.677Z] >>> [apiv2][query] GET https://api.github.com/user [none]
[debug] [2025-10-26T08:52:04.022Z] <<< [apiv2][status] GET https://api.github.com/user 200
[debug] [2025-10-26T08:52:04.022Z] <<< [apiv2][body] GET https://api.github.com/user {"login":"DavitHakobyan","id":47798307,"node_id":"MDQ6VXNlcjQ3Nzk4MzA3","avatar_url":"https://avatars.githubusercontent.com/u/47798307?v=4","gravatar_id":"","url":"https://api.github.com/users/DavitHakobyan","html_url":"https://github.com/DavitHakobyan","followers_url":"https://api.github.com/users/DavitHakobyan/followers","following_url":"https://api.github.com/users/DavitHakobyan/following{/other_user}","gists_url":"https://api.github.com/users/DavitHakobyan/gists{/gist_id}","starred_url":"https://api.github.com/users/DavitHakobyan/starred{/owner}{/repo}","subscriptions_url":"https://api.github.com/users/DavitHakobyan/subscriptions","organizations_url":"https://api.github.com/users/DavitHakobyan/orgs","repos_url":"https://api.github.com/users/DavitHakobyan/repos","events_url":"https://api.github.com/users/DavitHakobyan/events{/privacy}","received_events_url":"https://api.github.com/users/DavitHakobyan/received_events","type":"User","user_view_type":"private","site_admin":false,"name":"Davit Hakobyan","company":null,"blog":"","location":null,"email":null,"hireable":null,"bio":null,"twitter_username":null,"notification_email":null,"public_repos":53,"public_gists":0,"followers":0,"following":0,"created_at":"2019-02-19T22:30:53Z","updated_at":"2025-05-29T22:17:00Z","private_gists":0,"total_private_repos":20,"owned_private_repos":20,"disk_usage":310848,"collaborators":2,"two_factor_authentication":true,"plan":{"name":"free","space":976562499,"collaborators":0,"private_repos":10000}}
[info] 
[info] ✔  Success! Logged into GitHub as DavitHakobyan 
[info] 
[debug] [2025-10-26T08:52:10.699Z] ExitPromptError: User force closed the prompt with SIGINT
    at Interface.sigint (/opt/homebrew/lib/node_modules/firebase-tools/node_modules/@inquirer/core/dist/commonjs/lib/create-prompt.js:101:37)
    at Interface.emit (node:events:508:28)
    at Interface.emit (node:domain:489:12)
    at [_ttyWrite] [as _ttyWrite] (node:internal/readline/interface:1317:18)
    at ReadStream.onkeypress (node:internal/readline/interface:284:20)
    at ReadStream.emit (node:events:520:35)
    at ReadStream.emit (node:domain:489:12)
    at emitKeys (node:internal/readline/utils:371:14)
    at emitKeys.next (<anonymous>)
    at ReadStream.onData (node:internal/readline/emitKeypressEvents:64:36)
[error] 
[error] Error: An unexpected error has occurred.
